<?xml version="1.0" encoding="UTF-8"?>
<testsuite name="models.RestaurantTest" tests="12" skipped="0" failures="0" errors="0" timestamp="2020-12-09T18:15:08" hostname="security-overide" time="0.013">
  <properties/>
  <testcase name="getAddressReturnsCorrectAddress" classname="models.RestaurantTest" time="0.006"/>
  <testcase name="getPhoneReturnsCorrectPhone" classname="models.RestaurantTest" time="0.0"/>
  <testcase name="setPhoneSetsCorrectPhone" classname="models.RestaurantTest" time="0.001"/>
  <testcase name="setEmailSetsCorrectEmail" classname="models.RestaurantTest" time="0.0"/>
  <testcase name="setZipSetsCorrectZip" classname="models.RestaurantTest" time="0.001"/>
  <testcase name="setWebsiteSetsCorrectWebsite" classname="models.RestaurantTest" time="0.0"/>
  <testcase name="getEmailReturnsCorrectEmail" classname="models.RestaurantTest" time="0.0"/>
  <testcase name="getNameReturnsCorrectName" classname="models.RestaurantTest" time="0.0"/>
  <testcase name="setAddressSetsCorrectAddress" classname="models.RestaurantTest" time="0.0"/>
  <testcase name="getZipReturnsCorrectZip" classname="models.RestaurantTest" time="0.001"/>
  <testcase name="setNameSetsCorrectName" classname="models.RestaurantTest" time="0.0"/>
  <testcase name="getWebsiteReturnsCorrectWebsite" classname="models.RestaurantTest" time="0.0"/>
  <system-out><![CDATA[]]></system-out>
  <system-err><![CDATA[]]></system-err>
</testsuite>
