<?xml version="1.0" encoding="UTF-8"?>
<testsuite name="models.FoodTypeTest" tests="3" skipped="0" failures="0" errors="0" timestamp="2020-12-14T07:33:47" hostname="security-overide" time="0.01">
  <properties/>
  <testcase name="getName" classname="models.FoodTypeTest" time="0.006"/>
  <testcase name="setId" classname="models.FoodTypeTest" time="0.0"/>
  <testcase name="setName" classname="models.FoodTypeTest" time="0.001"/>
  <system-out><![CDATA[]]></system-out>
  <system-err><![CDATA[]]></system-err>
</testsuite>
